Loading GSM8K data...
Train examples: 7473
Test examples: 1319
Loading Gemma-2B with LoRA...
Loading checkpoint shards: 100%|â–ˆâ–ˆâ–ˆâ–ˆâ–ˆâ–ˆâ–ˆâ–ˆâ–ˆâ–ˆâ–ˆâ–ˆâ–ˆâ–ˆâ–ˆâ–ˆâ–ˆâ–ˆâ–ˆâ–ˆâ–ˆâ–ˆâ–ˆâ–ˆâ–ˆâ–ˆâ–ˆâ–ˆâ–ˆâ–ˆâ–ˆâ–ˆâ–ˆ| 2/2 [00:07<00:00,  3.86s/it]
Model device: mps:0
Model dtype: torch.float16
trainable params: 19,611,648 || all params: 2,525,784,064 || trainable%: 0.7765
Tokenizing datasets...
Map: 100%|â–ˆâ–ˆâ–ˆâ–ˆâ–ˆâ–ˆâ–ˆâ–ˆâ–ˆâ–ˆâ–ˆâ–ˆâ–ˆâ–ˆâ–ˆâ–ˆâ–ˆâ–ˆâ–ˆâ–ˆâ–ˆâ–ˆâ–ˆâ–ˆâ–ˆâ–ˆâ–ˆâ–ˆâ–ˆâ–ˆâ–ˆâ–ˆâ–ˆâ–ˆâ–ˆâ–ˆâ–ˆâ–ˆâ–ˆ| 7473/7473 [00:00<00:00, 10248.63 examples/s]
Map: 100%|â–ˆâ–ˆâ–ˆâ–ˆâ–ˆâ–ˆâ–ˆâ–ˆâ–ˆâ–ˆâ–ˆâ–ˆâ–ˆâ–ˆâ–ˆâ–ˆâ–ˆâ–ˆâ–ˆâ–ˆâ–ˆâ–ˆâ–ˆâ–ˆâ–ˆâ–ˆâ–ˆâ–ˆâ–ˆâ–ˆâ–ˆâ–ˆâ–ˆâ–ˆâ–ˆâ–ˆâ–ˆâ–ˆâ–ˆ| 1319/1319 [00:00<00:00, 11669.99 examples/s]
No label_names provided for model class `PeftModelForCausalLM`. Since `PeftModel` hides base models input arguments, if label_names is not given, label_names can't be set automatically within `Trainer`. Note that empty label_names list will be used instead.
Starting training...
[34m[1mwandb[0m: [33mWARNING[0m The `run_name` is currently set to the same value as `TrainingArguments.output_dir`. If this was not intended, please specify a different run name by setting the `TrainingArguments.run_name` parameter.
  0%|                                                                 | 0/1404 [00:00<?, ?it/s]Traceback (most recent call last):
  File "/Users/pablo/programming/cs/venv/lib/python3.9/site-packages/transformers/tokenization_utils_base.py", line 778, in convert_to_tensors
    tensor = as_tensor(value)
  File "/Users/pablo/programming/cs/venv/lib/python3.9/site-packages/transformers/tokenization_utils_base.py", line 740, in as_tensor
    return torch.tensor(value)
ValueError: expected sequence of length 451 at dim 1 (got 450)

The above exception was the direct cause of the following exception:

Traceback (most recent call last):
  File "/Users/pablo/programming/cs/papers/01_lets_verify_step_by_step/train.py", line 141, in <module>
    trainer.train()
  File "/Users/pablo/programming/cs/venv/lib/python3.9/site-packages/transformers/trainer.py", line 2240, in train
    return inner_training_loop(
  File "/Users/pablo/programming/cs/venv/lib/python3.9/site-packages/transformers/trainer.py", line 2509, in _inner_training_loop
    batch_samples, num_items_in_batch = self.get_batch_samples(epoch_iterator, num_batches, args.device)
  File "/Users/pablo/programming/cs/venv/lib/python3.9/site-packages/transformers/trainer.py", line 5263, in get_batch_samples
    batch_samples.append(next(epoch_iterator))
  File "/Users/pablo/programming/cs/venv/lib/python3.9/site-packages/accelerate/data_loader.py", line 566, in __iter__
    current_batch = next(dataloader_iter)
  File "/Users/pablo/programming/cs/venv/lib/python3.9/site-packages/torch/utils/data/dataloader.py", line 733, in __next__
    data = self._next_data()
  File "/Users/pablo/programming/cs/venv/lib/python3.9/site-packages/torch/utils/data/dataloader.py", line 789, in _next_data
    data = self._dataset_fetcher.fetch(index)  # may raise StopIteration
  File "/Users/pablo/programming/cs/venv/lib/python3.9/site-packages/torch/utils/data/_utils/fetch.py", line 55, in fetch
    return self.collate_fn(data)
  File "/Users/pablo/programming/cs/venv/lib/python3.9/site-packages/transformers/data/data_collator.py", line 46, in __call__
    return self.torch_call(features)
  File "/Users/pablo/programming/cs/venv/lib/python3.9/site-packages/transformers/data/data_collator.py", line 1013, in torch_call
    batch = pad_without_fast_tokenizer_warning(
  File "/Users/pablo/programming/cs/venv/lib/python3.9/site-packages/transformers/data/data_collator.py", line 67, in pad_without_fast_tokenizer_warning
    padded = tokenizer.pad(*pad_args, **pad_kwargs)
  File "/Users/pablo/programming/cs/venv/lib/python3.9/site-packages/transformers/tokenization_utils_base.py", line 3386, in pad
    return BatchEncoding(batch_outputs, tensor_type=return_tensors)
  File "/Users/pablo/programming/cs/venv/lib/python3.9/site-packages/transformers/tokenization_utils_base.py", line 242, in __init__
    self.convert_to_tensors(tensor_type=tensor_type, prepend_batch_axis=prepend_batch_axis)
  File "/Users/pablo/programming/cs/venv/lib/python3.9/site-packages/transformers/tokenization_utils_base.py", line 794, in convert_to_tensors
    raise ValueError(
ValueError: Unable to create tensor, you should probably activate truncation and/or padding with 'padding=True' 'truncation=True' to have batched tensors with the same length. Perhaps your features (`labels` in this case) have excessive nesting (inputs type `list` where type `int` is expected).
